

Started GET "/about" for 127.0.0.1 at 2012-05-23 15:01:41 -0500

ActiveRecord::ConnectionNotEstablished (ActiveRecord::ConnectionNotEstablished):
  activerecord (3.2.3) lib/active_record/connection_adapters/abstract/connection_pool.rb:398:in `retrieve_connection'
  activerecord (3.2.3) lib/active_record/connection_adapters/abstract/connection_specification.rb:168:in `retrieve_connection'
  activerecord (3.2.3) lib/active_record/connection_adapters/abstract/connection_specification.rb:142:in `connection'
  activerecord (3.2.3) lib/active_record/query_cache.rb:67:in `rescue in call'
  activerecord (3.2.3) lib/active_record/query_cache.rb:61:in `call'
  activerecord (3.2.3) lib/active_record/connection_adapters/abstract/connection_pool.rb:467:in `call'
  actionpack (3.2.3) lib/action_dispatch/middleware/callbacks.rb:28:in `block in call'
  activesupport (3.2.3) lib/active_support/callbacks.rb:405:in `_run__928269977__call__47249957__callbacks'
  activesupport (3.2.3) lib/active_support/callbacks.rb:405:in `__run_callback'
  activesupport (3.2.3) lib/active_support/callbacks.rb:385:in `_run_call_callbacks'
  activesupport (3.2.3) lib/active_support/callbacks.rb:81:in `run_callbacks'
  actionpack (3.2.3) lib/action_dispatch/middleware/callbacks.rb:27:in `call'
  actionpack (3.2.3) lib/action_dispatch/middleware/reloader.rb:65:in `call'
  actionpack (3.2.3) lib/action_dispatch/middleware/remote_ip.rb:31:in `call'
  actionpack (3.2.3) lib/action_dispatch/middleware/debug_exceptions.rb:16:in `call'
  actionpack (3.2.3) lib/action_dispatch/middleware/show_exceptions.rb:56:in `call'
  railties (3.2.3) lib/rails/rack/logger.rb:26:in `call_app'
  railties (3.2.3) lib/rails/rack/logger.rb:16:in `call'
  actionpack (3.2.3) lib/action_dispatch/middleware/request_id.rb:22:in `call'
  rack (1.4.1) lib/rack/methodoverride.rb:21:in `call'
  rack (1.4.1) lib/rack/runtime.rb:17:in `call'
  activesupport (3.2.3) lib/active_support/cache/strategy/local_cache.rb:72:in `call'
  rack (1.4.1) lib/rack/lock.rb:15:in `call'
  actionpack (3.2.3) lib/action_dispatch/middleware/static.rb:62:in `call'
  railties (3.2.3) lib/rails/engine.rb:479:in `call'
  railties (3.2.3) lib/rails/application.rb:220:in `call'
  rack (1.4.1) lib/rack/content_length.rb:14:in `call'
  railties (3.2.3) lib/rails/rack/log_tailer.rb:14:in `call'
  rack (1.4.1) lib/rack/handler/webrick.rb:59:in `service'
  /home/mike/.rvm/rubies/ruby-1.9.3-p194/lib/ruby/1.9.1/webrick/httpserver.rb:138:in `service'
  /home/mike/.rvm/rubies/ruby-1.9.3-p194/lib/ruby/1.9.1/webrick/httpserver.rb:94:in `run'
  /home/mike/.rvm/rubies/ruby-1.9.3-p194/lib/ruby/1.9.1/webrick/server.rb:191:in `block in start_thread'




Started GET "/" for 127.0.0.1 at 2012-05-23 15:02:17 -0500

ActiveRecord::ConnectionNotEstablished (ActiveRecord::ConnectionNotEstablished):
  activerecord (3.2.3) lib/active_record/connection_adapters/abstract/connection_pool.rb:398:in `retrieve_connection'
  activerecord (3.2.3) lib/active_record/connection_adapters/abstract/connection_specification.rb:168:in `retrieve_connection'
  activerecord (3.2.3) lib/active_record/connection_adapters/abstract/connection_specification.rb:142:in `connection'
  activerecord (3.2.3) lib/active_record/query_cache.rb:67:in `rescue in call'
  activerecord (3.2.3) lib/active_record/query_cache.rb:61:in `call'
  activerecord (3.2.3) lib/active_record/connection_adapters/abstract/connection_pool.rb:467:in `call'
  actionpack (3.2.3) lib/action_dispatch/middleware/callbacks.rb:28:in `block in call'
  activesupport (3.2.3) lib/active_support/callbacks.rb:405:in `_run__928269977__call__47249957__callbacks'
  activesupport (3.2.3) lib/active_support/callbacks.rb:405:in `__run_callback'
  activesupport (3.2.3) lib/active_support/callbacks.rb:385:in `_run_call_callbacks'
  activesupport (3.2.3) lib/active_support/callbacks.rb:81:in `run_callbacks'
  actionpack (3.2.3) lib/action_dispatch/middleware/callbacks.rb:27:in `call'
  actionpack (3.2.3) lib/action_dispatch/middleware/reloader.rb:65:in `call'
  actionpack (3.2.3) lib/action_dispatch/middleware/remote_ip.rb:31:in `call'
  actionpack (3.2.3) lib/action_dispatch/middleware/debug_exceptions.rb:16:in `call'
  actionpack (3.2.3) lib/action_dispatch/middleware/show_exceptions.rb:56:in `call'
  railties (3.2.3) lib/rails/rack/logger.rb:26:in `call_app'
  railties (3.2.3) lib/rails/rack/logger.rb:16:in `call'
  actionpack (3.2.3) lib/action_dispatch/middleware/request_id.rb:22:in `call'
  rack (1.4.1) lib/rack/methodoverride.rb:21:in `call'
  rack (1.4.1) lib/rack/runtime.rb:17:in `call'
  activesupport (3.2.3) lib/active_support/cache/strategy/local_cache.rb:72:in `call'
  rack (1.4.1) lib/rack/lock.rb:15:in `call'
  actionpack (3.2.3) lib/action_dispatch/middleware/static.rb:62:in `call'
  railties (3.2.3) lib/rails/engine.rb:479:in `call'
  railties (3.2.3) lib/rails/application.rb:220:in `call'
  rack (1.4.1) lib/rack/content_length.rb:14:in `call'
  railties (3.2.3) lib/rails/rack/log_tailer.rb:14:in `call'
  rack (1.4.1) lib/rack/handler/webrick.rb:59:in `service'
  /home/mike/.rvm/rubies/ruby-1.9.3-p194/lib/ruby/1.9.1/webrick/httpserver.rb:138:in `service'
  /home/mike/.rvm/rubies/ruby-1.9.3-p194/lib/ruby/1.9.1/webrick/httpserver.rb:94:in `run'
  /home/mike/.rvm/rubies/ruby-1.9.3-p194/lib/ruby/1.9.1/webrick/server.rb:191:in `block in start_thread'




Started GET "/" for 127.0.0.1 at 2012-05-23 15:03:22 -0500

ActiveRecord::ConnectionNotEstablished (ActiveRecord::ConnectionNotEstablished):
  activerecord (3.2.3) lib/active_record/connection_adapters/abstract/connection_pool.rb:398:in `retrieve_connection'
  activerecord (3.2.3) lib/active_record/connection_adapters/abstract/connection_specification.rb:168:in `retrieve_connection'
  activerecord (3.2.3) lib/active_record/connection_adapters/abstract/connection_specification.rb:142:in `connection'
  activerecord (3.2.3) lib/active_record/query_cache.rb:67:in `rescue in call'
  activerecord (3.2.3) lib/active_record/query_cache.rb:61:in `call'
  activerecord (3.2.3) lib/active_record/connection_adapters/abstract/connection_pool.rb:467:in `call'
  actionpack (3.2.3) lib/action_dispatch/middleware/callbacks.rb:28:in `block in call'
  activesupport (3.2.3) lib/active_support/callbacks.rb:405:in `_run__989344825__call__1030020850__callbacks'
  activesupport (3.2.3) lib/active_support/callbacks.rb:405:in `__run_callback'
  activesupport (3.2.3) lib/active_support/callbacks.rb:385:in `_run_call_callbacks'
  activesupport (3.2.3) lib/active_support/callbacks.rb:81:in `run_callbacks'
  actionpack (3.2.3) lib/action_dispatch/middleware/callbacks.rb:27:in `call'
  actionpack (3.2.3) lib/action_dispatch/middleware/reloader.rb:65:in `call'
  actionpack (3.2.3) lib/action_dispatch/middleware/remote_ip.rb:31:in `call'
  actionpack (3.2.3) lib/action_dispatch/middleware/debug_exceptions.rb:16:in `call'
  actionpack (3.2.3) lib/action_dispatch/middleware/show_exceptions.rb:56:in `call'
  railties (3.2.3) lib/rails/rack/logger.rb:26:in `call_app'
  railties (3.2.3) lib/rails/rack/logger.rb:16:in `call'
  actionpack (3.2.3) lib/action_dispatch/middleware/request_id.rb:22:in `call'
  rack (1.4.1) lib/rack/methodoverride.rb:21:in `call'
  rack (1.4.1) lib/rack/runtime.rb:17:in `call'
  activesupport (3.2.3) lib/active_support/cache/strategy/local_cache.rb:72:in `call'
  rack (1.4.1) lib/rack/lock.rb:15:in `call'
  actionpack (3.2.3) lib/action_dispatch/middleware/static.rb:62:in `call'
  railties (3.2.3) lib/rails/engine.rb:479:in `call'
  railties (3.2.3) lib/rails/application.rb:220:in `call'
  rack (1.4.1) lib/rack/content_length.rb:14:in `call'
  railties (3.2.3) lib/rails/rack/log_tailer.rb:14:in `call'
  rack (1.4.1) lib/rack/handler/webrick.rb:59:in `service'
  /home/mike/.rvm/rubies/ruby-1.9.3-p194/lib/ruby/1.9.1/webrick/httpserver.rb:138:in `service'
  /home/mike/.rvm/rubies/ruby-1.9.3-p194/lib/ruby/1.9.1/webrick/httpserver.rb:94:in `run'
  /home/mike/.rvm/rubies/ruby-1.9.3-p194/lib/ruby/1.9.1/webrick/server.rb:191:in `block in start_thread'




Started GET "/" for 127.0.0.1 at 2012-05-23 15:03:25 -0500

ActiveRecord::ConnectionNotEstablished (ActiveRecord::ConnectionNotEstablished):
  activerecord (3.2.3) lib/active_record/connection_adapters/abstract/connection_pool.rb:398:in `retrieve_connection'
  activerecord (3.2.3) lib/active_record/connection_adapters/abstract/connection_specification.rb:168:in `retrieve_connection'
  activerecord (3.2.3) lib/active_record/connection_adapters/abstract/connection_specification.rb:142:in `connection'
  activerecord (3.2.3) lib/active_record/query_cache.rb:67:in `rescue in call'
  activerecord (3.2.3) lib/active_record/query_cache.rb:61:in `call'
  activerecord (3.2.3) lib/active_record/connection_adapters/abstract/connection_pool.rb:467:in `call'
  actionpack (3.2.3) lib/action_dispatch/middleware/callbacks.rb:28:in `block in call'
  activesupport (3.2.3) lib/active_support/callbacks.rb:405:in `_run__989344825__call__1030020850__callbacks'
  activesupport (3.2.3) lib/active_support/callbacks.rb:405:in `__run_callback'
  activesupport (3.2.3) lib/active_support/callbacks.rb:385:in `_run_call_callbacks'
  activesupport (3.2.3) lib/active_support/callbacks.rb:81:in `run_callbacks'
  actionpack (3.2.3) lib/action_dispatch/middleware/callbacks.rb:27:in `call'
  actionpack (3.2.3) lib/action_dispatch/middleware/reloader.rb:65:in `call'
  actionpack (3.2.3) lib/action_dispatch/middleware/remote_ip.rb:31:in `call'
  actionpack (3.2.3) lib/action_dispatch/middleware/debug_exceptions.rb:16:in `call'
  actionpack (3.2.3) lib/action_dispatch/middleware/show_exceptions.rb:56:in `call'
  railties (3.2.3) lib/rails/rack/logger.rb:26:in `call_app'
  railties (3.2.3) lib/rails/rack/logger.rb:16:in `call'
  actionpack (3.2.3) lib/action_dispatch/middleware/request_id.rb:22:in `call'
  rack (1.4.1) lib/rack/methodoverride.rb:21:in `call'
  rack (1.4.1) lib/rack/runtime.rb:17:in `call'
  activesupport (3.2.3) lib/active_support/cache/strategy/local_cache.rb:72:in `call'
  rack (1.4.1) lib/rack/lock.rb:15:in `call'
  actionpack (3.2.3) lib/action_dispatch/middleware/static.rb:62:in `call'
  railties (3.2.3) lib/rails/engine.rb:479:in `call'
  railties (3.2.3) lib/rails/application.rb:220:in `call'
  rack (1.4.1) lib/rack/content_length.rb:14:in `call'
  railties (3.2.3) lib/rails/rack/log_tailer.rb:14:in `call'
  rack (1.4.1) lib/rack/handler/webrick.rb:59:in `service'
  /home/mike/.rvm/rubies/ruby-1.9.3-p194/lib/ruby/1.9.1/webrick/httpserver.rb:138:in `service'
  /home/mike/.rvm/rubies/ruby-1.9.3-p194/lib/ruby/1.9.1/webrick/httpserver.rb:94:in `run'
  /home/mike/.rvm/rubies/ruby-1.9.3-p194/lib/ruby/1.9.1/webrick/server.rb:191:in `block in start_thread'




Started GET "/" for 127.0.0.1 at 2012-05-23 15:03:25 -0500

ActiveRecord::ConnectionNotEstablished (ActiveRecord::ConnectionNotEstablished):
  activerecord (3.2.3) lib/active_record/connection_adapters/abstract/connection_pool.rb:398:in `retrieve_connection'
  activerecord (3.2.3) lib/active_record/connection_adapters/abstract/connection_specification.rb:168:in `retrieve_connection'
  activerecord (3.2.3) lib/active_record/connection_adapters/abstract/connection_specification.rb:142:in `connection'
  activerecord (3.2.3) lib/active_record/query_cache.rb:67:in `rescue in call'
  activerecord (3.2.3) lib/active_record/query_cache.rb:61:in `call'
  activerecord (3.2.3) lib/active_record/connection_adapters/abstract/connection_pool.rb:467:in `call'
  actionpack (3.2.3) lib/action_dispatch/middleware/callbacks.rb:28:in `block in call'
  activesupport (3.2.3) lib/active_support/callbacks.rb:405:in `_run__989344825__call__1030020850__callbacks'
  activesupport (3.2.3) lib/active_support/callbacks.rb:405:in `__run_callback'
  activesupport (3.2.3) lib/active_support/callbacks.rb:385:in `_run_call_callbacks'
  activesupport (3.2.3) lib/active_support/callbacks.rb:81:in `run_callbacks'
  actionpack (3.2.3) lib/action_dispatch/middleware/callbacks.rb:27:in `call'
  actionpack (3.2.3) lib/action_dispatch/middleware/reloader.rb:65:in `call'
  actionpack (3.2.3) lib/action_dispatch/middleware/remote_ip.rb:31:in `call'
  actionpack (3.2.3) lib/action_dispatch/middleware/debug_exceptions.rb:16:in `call'
  actionpack (3.2.3) lib/action_dispatch/middleware/show_exceptions.rb:56:in `call'
  railties (3.2.3) lib/rails/rack/logger.rb:26:in `call_app'
  railties (3.2.3) lib/rails/rack/logger.rb:16:in `call'
  actionpack (3.2.3) lib/action_dispatch/middleware/request_id.rb:22:in `call'
  rack (1.4.1) lib/rack/methodoverride.rb:21:in `call'
  rack (1.4.1) lib/rack/runtime.rb:17:in `call'
  activesupport (3.2.3) lib/active_support/cache/strategy/local_cache.rb:72:in `call'
  rack (1.4.1) lib/rack/lock.rb:15:in `call'
  actionpack (3.2.3) lib/action_dispatch/middleware/static.rb:62:in `call'
  railties (3.2.3) lib/rails/engine.rb:479:in `call'
  railties (3.2.3) lib/rails/application.rb:220:in `call'
  rack (1.4.1) lib/rack/content_length.rb:14:in `call'
  railties (3.2.3) lib/rails/rack/log_tailer.rb:14:in `call'
  rack (1.4.1) lib/rack/handler/webrick.rb:59:in `service'
  /home/mike/.rvm/rubies/ruby-1.9.3-p194/lib/ruby/1.9.1/webrick/httpserver.rb:138:in `service'
  /home/mike/.rvm/rubies/ruby-1.9.3-p194/lib/ruby/1.9.1/webrick/httpserver.rb:94:in `run'
  /home/mike/.rvm/rubies/ruby-1.9.3-p194/lib/ruby/1.9.1/webrick/server.rb:191:in `block in start_thread'




Started GET "/" for 127.0.0.1 at 2012-05-23 15:03:26 -0500

ActiveRecord::ConnectionNotEstablished (ActiveRecord::ConnectionNotEstablished):
  activerecord (3.2.3) lib/active_record/connection_adapters/abstract/connection_pool.rb:398:in `retrieve_connection'
  activerecord (3.2.3) lib/active_record/connection_adapters/abstract/connection_specification.rb:168:in `retrieve_connection'
  activerecord (3.2.3) lib/active_record/connection_adapters/abstract/connection_specification.rb:142:in `connection'
  activerecord (3.2.3) lib/active_record/query_cache.rb:67:in `rescue in call'
  activerecord (3.2.3) lib/active_record/query_cache.rb:61:in `call'
  activerecord (3.2.3) lib/active_record/connection_adapters/abstract/connection_pool.rb:467:in `call'
  actionpack (3.2.3) lib/action_dispatch/middleware/callbacks.rb:28:in `block in call'
  activesupport (3.2.3) lib/active_support/callbacks.rb:405:in `_run__989344825__call__1030020850__callbacks'
  activesupport (3.2.3) lib/active_support/callbacks.rb:405:in `__run_callback'
  activesupport (3.2.3) lib/active_support/callbacks.rb:385:in `_run_call_callbacks'
  activesupport (3.2.3) lib/active_support/callbacks.rb:81:in `run_callbacks'
  actionpack (3.2.3) lib/action_dispatch/middleware/callbacks.rb:27:in `call'
  actionpack (3.2.3) lib/action_dispatch/middleware/reloader.rb:65:in `call'
  actionpack (3.2.3) lib/action_dispatch/middleware/remote_ip.rb:31:in `call'
  actionpack (3.2.3) lib/action_dispatch/middleware/debug_exceptions.rb:16:in `call'
  actionpack (3.2.3) lib/action_dispatch/middleware/show_exceptions.rb:56:in `call'
  railties (3.2.3) lib/rails/rack/logger.rb:26:in `call_app'
  railties (3.2.3) lib/rails/rack/logger.rb:16:in `call'
  actionpack (3.2.3) lib/action_dispatch/middleware/request_id.rb:22:in `call'
  rack (1.4.1) lib/rack/methodoverride.rb:21:in `call'
  rack (1.4.1) lib/rack/runtime.rb:17:in `call'
  activesupport (3.2.3) lib/active_support/cache/strategy/local_cache.rb:72:in `call'
  rack (1.4.1) lib/rack/lock.rb:15:in `call'
  actionpack (3.2.3) lib/action_dispatch/middleware/static.rb:62:in `call'
  railties (3.2.3) lib/rails/engine.rb:479:in `call'
  railties (3.2.3) lib/rails/application.rb:220:in `call'
  rack (1.4.1) lib/rack/content_length.rb:14:in `call'
  railties (3.2.3) lib/rails/rack/log_tailer.rb:14:in `call'
  rack (1.4.1) lib/rack/handler/webrick.rb:59:in `service'
  /home/mike/.rvm/rubies/ruby-1.9.3-p194/lib/ruby/1.9.1/webrick/httpserver.rb:138:in `service'
  /home/mike/.rvm/rubies/ruby-1.9.3-p194/lib/ruby/1.9.1/webrick/httpserver.rb:94:in `run'
  /home/mike/.rvm/rubies/ruby-1.9.3-p194/lib/ruby/1.9.1/webrick/server.rb:191:in `block in start_thread'




Started GET "/" for 127.0.0.1 at 2012-05-23 15:03:26 -0500

ActiveRecord::ConnectionNotEstablished (ActiveRecord::ConnectionNotEstablished):
  activerecord (3.2.3) lib/active_record/connection_adapters/abstract/connection_pool.rb:398:in `retrieve_connection'
  activerecord (3.2.3) lib/active_record/connection_adapters/abstract/connection_specification.rb:168:in `retrieve_connection'
  activerecord (3.2.3) lib/active_record/connection_adapters/abstract/connection_specification.rb:142:in `connection'
  activerecord (3.2.3) lib/active_record/query_cache.rb:67:in `rescue in call'
  activerecord (3.2.3) lib/active_record/query_cache.rb:61:in `call'
  activerecord (3.2.3) lib/active_record/connection_adapters/abstract/connection_pool.rb:467:in `call'
  actionpack (3.2.3) lib/action_dispatch/middleware/callbacks.rb:28:in `block in call'
  activesupport (3.2.3) lib/active_support/callbacks.rb:405:in `_run__989344825__call__1030020850__callbacks'
  activesupport (3.2.3) lib/active_support/callbacks.rb:405:in `__run_callback'
  activesupport (3.2.3) lib/active_support/callbacks.rb:385:in `_run_call_callbacks'
  activesupport (3.2.3) lib/active_support/callbacks.rb:81:in `run_callbacks'
  actionpack (3.2.3) lib/action_dispatch/middleware/callbacks.rb:27:in `call'
  actionpack (3.2.3) lib/action_dispatch/middleware/reloader.rb:65:in `call'
  actionpack (3.2.3) lib/action_dispatch/middleware/remote_ip.rb:31:in `call'
  actionpack (3.2.3) lib/action_dispatch/middleware/debug_exceptions.rb:16:in `call'
  actionpack (3.2.3) lib/action_dispatch/middleware/show_exceptions.rb:56:in `call'
  railties (3.2.3) lib/rails/rack/logger.rb:26:in `call_app'
  railties (3.2.3) lib/rails/rack/logger.rb:16:in `call'
  actionpack (3.2.3) lib/action_dispatch/middleware/request_id.rb:22:in `call'
  rack (1.4.1) lib/rack/methodoverride.rb:21:in `call'
  rack (1.4.1) lib/rack/runtime.rb:17:in `call'
  activesupport (3.2.3) lib/active_support/cache/strategy/local_cache.rb:72:in `call'
  rack (1.4.1) lib/rack/lock.rb:15:in `call'
  actionpack (3.2.3) lib/action_dispatch/middleware/static.rb:62:in `call'
  railties (3.2.3) lib/rails/engine.rb:479:in `call'
  railties (3.2.3) lib/rails/application.rb:220:in `call'
  rack (1.4.1) lib/rack/content_length.rb:14:in `call'
  railties (3.2.3) lib/rails/rack/log_tailer.rb:14:in `call'
  rack (1.4.1) lib/rack/handler/webrick.rb:59:in `service'
  /home/mike/.rvm/rubies/ruby-1.9.3-p194/lib/ruby/1.9.1/webrick/httpserver.rb:138:in `service'
  /home/mike/.rvm/rubies/ruby-1.9.3-p194/lib/ruby/1.9.1/webrick/httpserver.rb:94:in `run'
  /home/mike/.rvm/rubies/ruby-1.9.3-p194/lib/ruby/1.9.1/webrick/server.rb:191:in `block in start_thread'




Started GET "/" for 127.0.0.1 at 2012-05-23 15:03:26 -0500

ActiveRecord::ConnectionNotEstablished (ActiveRecord::ConnectionNotEstablished):
  activerecord (3.2.3) lib/active_record/connection_adapters/abstract/connection_pool.rb:398:in `retrieve_connection'
  activerecord (3.2.3) lib/active_record/connection_adapters/abstract/connection_specification.rb:168:in `retrieve_connection'
  activerecord (3.2.3) lib/active_record/connection_adapters/abstract/connection_specification.rb:142:in `connection'
  activerecord (3.2.3) lib/active_record/query_cache.rb:67:in `rescue in call'
  activerecord (3.2.3) lib/active_record/query_cache.rb:61:in `call'
  activerecord (3.2.3) lib/active_record/connection_adapters/abstract/connection_pool.rb:467:in `call'
  actionpack (3.2.3) lib/action_dispatch/middleware/callbacks.rb:28:in `block in call'
  activesupport (3.2.3) lib/active_support/callbacks.rb:405:in `_run__989344825__call__1030020850__callbacks'
  activesupport (3.2.3) lib/active_support/callbacks.rb:405:in `__run_callback'
  activesupport (3.2.3) lib/active_support/callbacks.rb:385:in `_run_call_callbacks'
  activesupport (3.2.3) lib/active_support/callbacks.rb:81:in `run_callbacks'
  actionpack (3.2.3) lib/action_dispatch/middleware/callbacks.rb:27:in `call'
  actionpack (3.2.3) lib/action_dispatch/middleware/reloader.rb:65:in `call'
  actionpack (3.2.3) lib/action_dispatch/middleware/remote_ip.rb:31:in `call'
  actionpack (3.2.3) lib/action_dispatch/middleware/debug_exceptions.rb:16:in `call'
  actionpack (3.2.3) lib/action_dispatch/middleware/show_exceptions.rb:56:in `call'
  railties (3.2.3) lib/rails/rack/logger.rb:26:in `call_app'
  railties (3.2.3) lib/rails/rack/logger.rb:16:in `call'
  actionpack (3.2.3) lib/action_dispatch/middleware/request_id.rb:22:in `call'
  rack (1.4.1) lib/rack/methodoverride.rb:21:in `call'
  rack (1.4.1) lib/rack/runtime.rb:17:in `call'
  activesupport (3.2.3) lib/active_support/cache/strategy/local_cache.rb:72:in `call'
  rack (1.4.1) lib/rack/lock.rb:15:in `call'
  actionpack (3.2.3) lib/action_dispatch/middleware/static.rb:62:in `call'
  railties (3.2.3) lib/rails/engine.rb:479:in `call'
  railties (3.2.3) lib/rails/application.rb:220:in `call'
  rack (1.4.1) lib/rack/content_length.rb:14:in `call'
  railties (3.2.3) lib/rails/rack/log_tailer.rb:14:in `call'
  rack (1.4.1) lib/rack/handler/webrick.rb:59:in `service'
  /home/mike/.rvm/rubies/ruby-1.9.3-p194/lib/ruby/1.9.1/webrick/httpserver.rb:138:in `service'
  /home/mike/.rvm/rubies/ruby-1.9.3-p194/lib/ruby/1.9.1/webrick/httpserver.rb:94:in `run'
  /home/mike/.rvm/rubies/ruby-1.9.3-p194/lib/ruby/1.9.1/webrick/server.rb:191:in `block in start_thread'




Started GET "/" for 127.0.0.1 at 2012-05-23 15:05:22 -0500

ActiveRecord::ConnectionNotEstablished (ActiveRecord::ConnectionNotEstablished):
  activerecord (3.2.3) lib/active_record/connection_adapters/abstract/connection_pool.rb:398:in `retrieve_connection'
  activerecord (3.2.3) lib/active_record/connection_adapters/abstract/connection_specification.rb:168:in `retrieve_connection'
  activerecord (3.2.3) lib/active_record/connection_adapters/abstract/connection_specification.rb:142:in `connection'
  activerecord (3.2.3) lib/active_record/query_cache.rb:67:in `rescue in call'
  activerecord (3.2.3) lib/active_record/query_cache.rb:61:in `call'
  activerecord (3.2.3) lib/active_record/connection_adapters/abstract/connection_pool.rb:467:in `call'
  actionpack (3.2.3) lib/action_dispatch/middleware/callbacks.rb:28:in `block in call'
  activesupport (3.2.3) lib/active_support/callbacks.rb:405:in `_run__989344825__call__1030020850__callbacks'
  activesupport (3.2.3) lib/active_support/callbacks.rb:405:in `__run_callback'
  activesupport (3.2.3) lib/active_support/callbacks.rb:385:in `_run_call_callbacks'
  activesupport (3.2.3) lib/active_support/callbacks.rb:81:in `run_callbacks'
  actionpack (3.2.3) lib/action_dispatch/middleware/callbacks.rb:27:in `call'
  actionpack (3.2.3) lib/action_dispatch/middleware/reloader.rb:65:in `call'
  actionpack (3.2.3) lib/action_dispatch/middleware/remote_ip.rb:31:in `call'
  actionpack (3.2.3) lib/action_dispatch/middleware/debug_exceptions.rb:16:in `call'
  actionpack (3.2.3) lib/action_dispatch/middleware/show_exceptions.rb:56:in `call'
  railties (3.2.3) lib/rails/rack/logger.rb:26:in `call_app'
  railties (3.2.3) lib/rails/rack/logger.rb:16:in `call'
  actionpack (3.2.3) lib/action_dispatch/middleware/request_id.rb:22:in `call'
  rack (1.4.1) lib/rack/methodoverride.rb:21:in `call'
  rack (1.4.1) lib/rack/runtime.rb:17:in `call'
  activesupport (3.2.3) lib/active_support/cache/strategy/local_cache.rb:72:in `call'
  rack (1.4.1) lib/rack/lock.rb:15:in `call'
  actionpack (3.2.3) lib/action_dispatch/middleware/static.rb:62:in `call'
  railties (3.2.3) lib/rails/engine.rb:479:in `call'
  railties (3.2.3) lib/rails/application.rb:220:in `call'
  rack (1.4.1) lib/rack/content_length.rb:14:in `call'
  railties (3.2.3) lib/rails/rack/log_tailer.rb:14:in `call'
  rack (1.4.1) lib/rack/handler/webrick.rb:59:in `service'
  /home/mike/.rvm/rubies/ruby-1.9.3-p194/lib/ruby/1.9.1/webrick/httpserver.rb:138:in `service'
  /home/mike/.rvm/rubies/ruby-1.9.3-p194/lib/ruby/1.9.1/webrick/httpserver.rb:94:in `run'
  /home/mike/.rvm/rubies/ruby-1.9.3-p194/lib/ruby/1.9.1/webrick/server.rb:191:in `block in start_thread'




Started GET "/" for 127.0.0.1 at 2012-05-23 15:05:23 -0500

ActiveRecord::ConnectionNotEstablished (ActiveRecord::ConnectionNotEstablished):
  activerecord (3.2.3) lib/active_record/connection_adapters/abstract/connection_pool.rb:398:in `retrieve_connection'
  activerecord (3.2.3) lib/active_record/connection_adapters/abstract/connection_specification.rb:168:in `retrieve_connection'
  activerecord (3.2.3) lib/active_record/connection_adapters/abstract/connection_specification.rb:142:in `connection'
  activerecord (3.2.3) lib/active_record/query_cache.rb:67:in `rescue in call'
  activerecord (3.2.3) lib/active_record/query_cache.rb:61:in `call'
  activerecord (3.2.3) lib/active_record/connection_adapters/abstract/connection_pool.rb:467:in `call'
  actionpack (3.2.3) lib/action_dispatch/middleware/callbacks.rb:28:in `block in call'
  activesupport (3.2.3) lib/active_support/callbacks.rb:405:in `_run__989344825__call__1030020850__callbacks'
  activesupport (3.2.3) lib/active_support/callbacks.rb:405:in `__run_callback'
  activesupport (3.2.3) lib/active_support/callbacks.rb:385:in `_run_call_callbacks'
  activesupport (3.2.3) lib/active_support/callbacks.rb:81:in `run_callbacks'
  actionpack (3.2.3) lib/action_dispatch/middleware/callbacks.rb:27:in `call'
  actionpack (3.2.3) lib/action_dispatch/middleware/reloader.rb:65:in `call'
  actionpack (3.2.3) lib/action_dispatch/middleware/remote_ip.rb:31:in `call'
  actionpack (3.2.3) lib/action_dispatch/middleware/debug_exceptions.rb:16:in `call'
  actionpack (3.2.3) lib/action_dispatch/middleware/show_exceptions.rb:56:in `call'
  railties (3.2.3) lib/rails/rack/logger.rb:26:in `call_app'
  railties (3.2.3) lib/rails/rack/logger.rb:16:in `call'
  actionpack (3.2.3) lib/action_dispatch/middleware/request_id.rb:22:in `call'
  rack (1.4.1) lib/rack/methodoverride.rb:21:in `call'
  rack (1.4.1) lib/rack/runtime.rb:17:in `call'
  activesupport (3.2.3) lib/active_support/cache/strategy/local_cache.rb:72:in `call'
  rack (1.4.1) lib/rack/lock.rb:15:in `call'
  actionpack (3.2.3) lib/action_dispatch/middleware/static.rb:62:in `call'
  railties (3.2.3) lib/rails/engine.rb:479:in `call'
  railties (3.2.3) lib/rails/application.rb:220:in `call'
  rack (1.4.1) lib/rack/content_length.rb:14:in `call'
  railties (3.2.3) lib/rails/rack/log_tailer.rb:14:in `call'
  rack (1.4.1) lib/rack/handler/webrick.rb:59:in `service'
  /home/mike/.rvm/rubies/ruby-1.9.3-p194/lib/ruby/1.9.1/webrick/httpserver.rb:138:in `service'
  /home/mike/.rvm/rubies/ruby-1.9.3-p194/lib/ruby/1.9.1/webrick/httpserver.rb:94:in `run'
  /home/mike/.rvm/rubies/ruby-1.9.3-p194/lib/ruby/1.9.1/webrick/server.rb:191:in `block in start_thread'




Started GET "/" for 127.0.0.1 at 2012-05-23 15:05:23 -0500

ActiveRecord::ConnectionNotEstablished (ActiveRecord::ConnectionNotEstablished):
  activerecord (3.2.3) lib/active_record/connection_adapters/abstract/connection_pool.rb:398:in `retrieve_connection'
  activerecord (3.2.3) lib/active_record/connection_adapters/abstract/connection_specification.rb:168:in `retrieve_connection'
  activerecord (3.2.3) lib/active_record/connection_adapters/abstract/connection_specification.rb:142:in `connection'
  activerecord (3.2.3) lib/active_record/query_cache.rb:67:in `rescue in call'
  activerecord (3.2.3) lib/active_record/query_cache.rb:61:in `call'
  activerecord (3.2.3) lib/active_record/connection_adapters/abstract/connection_pool.rb:467:in `call'
  actionpack (3.2.3) lib/action_dispatch/middleware/callbacks.rb:28:in `block in call'
  activesupport (3.2.3) lib/active_support/callbacks.rb:405:in `_run__989344825__call__1030020850__callbacks'
  activesupport (3.2.3) lib/active_support/callbacks.rb:405:in `__run_callback'
  activesupport (3.2.3) lib/active_support/callbacks.rb:385:in `_run_call_callbacks'
  activesupport (3.2.3) lib/active_support/callbacks.rb:81:in `run_callbacks'
  actionpack (3.2.3) lib/action_dispatch/middleware/callbacks.rb:27:in `call'
  actionpack (3.2.3) lib/action_dispatch/middleware/reloader.rb:65:in `call'
  actionpack (3.2.3) lib/action_dispatch/middleware/remote_ip.rb:31:in `call'
  actionpack (3.2.3) lib/action_dispatch/middleware/debug_exceptions.rb:16:in `call'
  actionpack (3.2.3) lib/action_dispatch/middleware/show_exceptions.rb:56:in `call'
  railties (3.2.3) lib/rails/rack/logger.rb:26:in `call_app'
  railties (3.2.3) lib/rails/rack/logger.rb:16:in `call'
  actionpack (3.2.3) lib/action_dispatch/middleware/request_id.rb:22:in `call'
  rack (1.4.1) lib/rack/methodoverride.rb:21:in `call'
  rack (1.4.1) lib/rack/runtime.rb:17:in `call'
  activesupport (3.2.3) lib/active_support/cache/strategy/local_cache.rb:72:in `call'
  rack (1.4.1) lib/rack/lock.rb:15:in `call'
  actionpack (3.2.3) lib/action_dispatch/middleware/static.rb:62:in `call'
  railties (3.2.3) lib/rails/engine.rb:479:in `call'
  railties (3.2.3) lib/rails/application.rb:220:in `call'
  rack (1.4.1) lib/rack/content_length.rb:14:in `call'
  railties (3.2.3) lib/rails/rack/log_tailer.rb:14:in `call'
  rack (1.4.1) lib/rack/handler/webrick.rb:59:in `service'
  /home/mike/.rvm/rubies/ruby-1.9.3-p194/lib/ruby/1.9.1/webrick/httpserver.rb:138:in `service'
  /home/mike/.rvm/rubies/ruby-1.9.3-p194/lib/ruby/1.9.1/webrick/httpserver.rb:94:in `run'
  /home/mike/.rvm/rubies/ruby-1.9.3-p194/lib/ruby/1.9.1/webrick/server.rb:191:in `block in start_thread'




Started GET "/" for 127.0.0.1 at 2012-05-23 15:05:23 -0500

ActiveRecord::ConnectionNotEstablished (ActiveRecord::ConnectionNotEstablished):
  activerecord (3.2.3) lib/active_record/connection_adapters/abstract/connection_pool.rb:398:in `retrieve_connection'
  activerecord (3.2.3) lib/active_record/connection_adapters/abstract/connection_specification.rb:168:in `retrieve_connection'
  activerecord (3.2.3) lib/active_record/connection_adapters/abstract/connection_specification.rb:142:in `connection'
  activerecord (3.2.3) lib/active_record/query_cache.rb:67:in `rescue in call'
  activerecord (3.2.3) lib/active_record/query_cache.rb:61:in `call'
  activerecord (3.2.3) lib/active_record/connection_adapters/abstract/connection_pool.rb:467:in `call'
  actionpack (3.2.3) lib/action_dispatch/middleware/callbacks.rb:28:in `block in call'
  activesupport (3.2.3) lib/active_support/callbacks.rb:405:in `_run__989344825__call__1030020850__callbacks'
  activesupport (3.2.3) lib/active_support/callbacks.rb:405:in `__run_callback'
  activesupport (3.2.3) lib/active_support/callbacks.rb:385:in `_run_call_callbacks'
  activesupport (3.2.3) lib/active_support/callbacks.rb:81:in `run_callbacks'
  actionpack (3.2.3) lib/action_dispatch/middleware/callbacks.rb:27:in `call'
  actionpack (3.2.3) lib/action_dispatch/middleware/reloader.rb:65:in `call'
  actionpack (3.2.3) lib/action_dispatch/middleware/remote_ip.rb:31:in `call'
  actionpack (3.2.3) lib/action_dispatch/middleware/debug_exceptions.rb:16:in `call'
  actionpack (3.2.3) lib/action_dispatch/middleware/show_exceptions.rb:56:in `call'
  railties (3.2.3) lib/rails/rack/logger.rb:26:in `call_app'
  railties (3.2.3) lib/rails/rack/logger.rb:16:in `call'
  actionpack (3.2.3) lib/action_dispatch/middleware/request_id.rb:22:in `call'
  rack (1.4.1) lib/rack/methodoverride.rb:21:in `call'
  rack (1.4.1) lib/rack/runtime.rb:17:in `call'
  activesupport (3.2.3) lib/active_support/cache/strategy/local_cache.rb:72:in `call'
  rack (1.4.1) lib/rack/lock.rb:15:in `call'
  actionpack (3.2.3) lib/action_dispatch/middleware/static.rb:62:in `call'
  railties (3.2.3) lib/rails/engine.rb:479:in `call'
  railties (3.2.3) lib/rails/application.rb:220:in `call'
  rack (1.4.1) lib/rack/content_length.rb:14:in `call'
  railties (3.2.3) lib/rails/rack/log_tailer.rb:14:in `call'
  rack (1.4.1) lib/rack/handler/webrick.rb:59:in `service'
  /home/mike/.rvm/rubies/ruby-1.9.3-p194/lib/ruby/1.9.1/webrick/httpserver.rb:138:in `service'
  /home/mike/.rvm/rubies/ruby-1.9.3-p194/lib/ruby/1.9.1/webrick/httpserver.rb:94:in `run'
  /home/mike/.rvm/rubies/ruby-1.9.3-p194/lib/ruby/1.9.1/webrick/server.rb:191:in `block in start_thread'




Started GET "/" for 127.0.0.1 at 2012-05-23 15:05:23 -0500

ActiveRecord::ConnectionNotEstablished (ActiveRecord::ConnectionNotEstablished):
  activerecord (3.2.3) lib/active_record/connection_adapters/abstract/connection_pool.rb:398:in `retrieve_connection'
  activerecord (3.2.3) lib/active_record/connection_adapters/abstract/connection_specification.rb:168:in `retrieve_connection'
  activerecord (3.2.3) lib/active_record/connection_adapters/abstract/connection_specification.rb:142:in `connection'
  activerecord (3.2.3) lib/active_record/query_cache.rb:67:in `rescue in call'
  activerecord (3.2.3) lib/active_record/query_cache.rb:61:in `call'
  activerecord (3.2.3) lib/active_record/connection_adapters/abstract/connection_pool.rb:467:in `call'
  actionpack (3.2.3) lib/action_dispatch/middleware/callbacks.rb:28:in `block in call'
  activesupport (3.2.3) lib/active_support/callbacks.rb:405:in `_run__989344825__call__1030020850__callbacks'
  activesupport (3.2.3) lib/active_support/callbacks.rb:405:in `__run_callback'
  activesupport (3.2.3) lib/active_support/callbacks.rb:385:in `_run_call_callbacks'
  activesupport (3.2.3) lib/active_support/callbacks.rb:81:in `run_callbacks'
  actionpack (3.2.3) lib/action_dispatch/middleware/callbacks.rb:27:in `call'
  actionpack (3.2.3) lib/action_dispatch/middleware/reloader.rb:65:in `call'
  actionpack (3.2.3) lib/action_dispatch/middleware/remote_ip.rb:31:in `call'
  actionpack (3.2.3) lib/action_dispatch/middleware/debug_exceptions.rb:16:in `call'
  actionpack (3.2.3) lib/action_dispatch/middleware/show_exceptions.rb:56:in `call'
  railties (3.2.3) lib/rails/rack/logger.rb:26:in `call_app'
  railties (3.2.3) lib/rails/rack/logger.rb:16:in `call'
  actionpack (3.2.3) lib/action_dispatch/middleware/request_id.rb:22:in `call'
  rack (1.4.1) lib/rack/methodoverride.rb:21:in `call'
  rack (1.4.1) lib/rack/runtime.rb:17:in `call'
  activesupport (3.2.3) lib/active_support/cache/strategy/local_cache.rb:72:in `call'
  rack (1.4.1) lib/rack/lock.rb:15:in `call'
  actionpack (3.2.3) lib/action_dispatch/middleware/static.rb:62:in `call'
  railties (3.2.3) lib/rails/engine.rb:479:in `call'
  railties (3.2.3) lib/rails/application.rb:220:in `call'
  rack (1.4.1) lib/rack/content_length.rb:14:in `call'
  railties (3.2.3) lib/rails/rack/log_tailer.rb:14:in `call'
  rack (1.4.1) lib/rack/handler/webrick.rb:59:in `service'
  /home/mike/.rvm/rubies/ruby-1.9.3-p194/lib/ruby/1.9.1/webrick/httpserver.rb:138:in `service'
  /home/mike/.rvm/rubies/ruby-1.9.3-p194/lib/ruby/1.9.1/webrick/httpserver.rb:94:in `run'
  /home/mike/.rvm/rubies/ruby-1.9.3-p194/lib/ruby/1.9.1/webrick/server.rb:191:in `block in start_thread'




Started GET "/" for 127.0.0.1 at 2012-05-23 15:05:23 -0500

ActiveRecord::ConnectionNotEstablished (ActiveRecord::ConnectionNotEstablished):
  activerecord (3.2.3) lib/active_record/connection_adapters/abstract/connection_pool.rb:398:in `retrieve_connection'
  activerecord (3.2.3) lib/active_record/connection_adapters/abstract/connection_specification.rb:168:in `retrieve_connection'
  activerecord (3.2.3) lib/active_record/connection_adapters/abstract/connection_specification.rb:142:in `connection'
  activerecord (3.2.3) lib/active_record/query_cache.rb:67:in `rescue in call'
  activerecord (3.2.3) lib/active_record/query_cache.rb:61:in `call'
  activerecord (3.2.3) lib/active_record/connection_adapters/abstract/connection_pool.rb:467:in `call'
  actionpack (3.2.3) lib/action_dispatch/middleware/callbacks.rb:28:in `block in call'
  activesupport (3.2.3) lib/active_support/callbacks.rb:405:in `_run__989344825__call__1030020850__callbacks'
  activesupport (3.2.3) lib/active_support/callbacks.rb:405:in `__run_callback'
  activesupport (3.2.3) lib/active_support/callbacks.rb:385:in `_run_call_callbacks'
  activesupport (3.2.3) lib/active_support/callbacks.rb:81:in `run_callbacks'
  actionpack (3.2.3) lib/action_dispatch/middleware/callbacks.rb:27:in `call'
  actionpack (3.2.3) lib/action_dispatch/middleware/reloader.rb:65:in `call'
  actionpack (3.2.3) lib/action_dispatch/middleware/remote_ip.rb:31:in `call'
  actionpack (3.2.3) lib/action_dispatch/middleware/debug_exceptions.rb:16:in `call'
  actionpack (3.2.3) lib/action_dispatch/middleware/show_exceptions.rb:56:in `call'
  railties (3.2.3) lib/rails/rack/logger.rb:26:in `call_app'
  railties (3.2.3) lib/rails/rack/logger.rb:16:in `call'
  actionpack (3.2.3) lib/action_dispatch/middleware/request_id.rb:22:in `call'
  rack (1.4.1) lib/rack/methodoverride.rb:21:in `call'
  rack (1.4.1) lib/rack/runtime.rb:17:in `call'
  activesupport (3.2.3) lib/active_support/cache/strategy/local_cache.rb:72:in `call'
  rack (1.4.1) lib/rack/lock.rb:15:in `call'
  actionpack (3.2.3) lib/action_dispatch/middleware/static.rb:62:in `call'
  railties (3.2.3) lib/rails/engine.rb:479:in `call'
  railties (3.2.3) lib/rails/application.rb:220:in `call'
  rack (1.4.1) lib/rack/content_length.rb:14:in `call'
  railties (3.2.3) lib/rails/rack/log_tailer.rb:14:in `call'
  rack (1.4.1) lib/rack/handler/webrick.rb:59:in `service'
  /home/mike/.rvm/rubies/ruby-1.9.3-p194/lib/ruby/1.9.1/webrick/httpserver.rb:138:in `service'
  /home/mike/.rvm/rubies/ruby-1.9.3-p194/lib/ruby/1.9.1/webrick/httpserver.rb:94:in `run'
  /home/mike/.rvm/rubies/ruby-1.9.3-p194/lib/ruby/1.9.1/webrick/server.rb:191:in `block in start_thread'




Started GET "/" for 127.0.0.1 at 2012-05-23 15:05:23 -0500

ActiveRecord::ConnectionNotEstablished (ActiveRecord::ConnectionNotEstablished):
  activerecord (3.2.3) lib/active_record/connection_adapters/abstract/connection_pool.rb:398:in `retrieve_connection'
  activerecord (3.2.3) lib/active_record/connection_adapters/abstract/connection_specification.rb:168:in `retrieve_connection'
  activerecord (3.2.3) lib/active_record/connection_adapters/abstract/connection_specification.rb:142:in `connection'
  activerecord (3.2.3) lib/active_record/query_cache.rb:67:in `rescue in call'
  activerecord (3.2.3) lib/active_record/query_cache.rb:61:in `call'
  activerecord (3.2.3) lib/active_record/connection_adapters/abstract/connection_pool.rb:467:in `call'
  actionpack (3.2.3) lib/action_dispatch/middleware/callbacks.rb:28:in `block in call'
  activesupport (3.2.3) lib/active_support/callbacks.rb:405:in `_run__989344825__call__1030020850__callbacks'
  activesupport (3.2.3) lib/active_support/callbacks.rb:405:in `__run_callback'
  activesupport (3.2.3) lib/active_support/callbacks.rb:385:in `_run_call_callbacks'
  activesupport (3.2.3) lib/active_support/callbacks.rb:81:in `run_callbacks'
  actionpack (3.2.3) lib/action_dispatch/middleware/callbacks.rb:27:in `call'
  actionpack (3.2.3) lib/action_dispatch/middleware/reloader.rb:65:in `call'
  actionpack (3.2.3) lib/action_dispatch/middleware/remote_ip.rb:31:in `call'
  actionpack (3.2.3) lib/action_dispatch/middleware/debug_exceptions.rb:16:in `call'
  actionpack (3.2.3) lib/action_dispatch/middleware/show_exceptions.rb:56:in `call'
  railties (3.2.3) lib/rails/rack/logger.rb:26:in `call_app'
  railties (3.2.3) lib/rails/rack/logger.rb:16:in `call'
  actionpack (3.2.3) lib/action_dispatch/middleware/request_id.rb:22:in `call'
  rack (1.4.1) lib/rack/methodoverride.rb:21:in `call'
  rack (1.4.1) lib/rack/runtime.rb:17:in `call'
  activesupport (3.2.3) lib/active_support/cache/strategy/local_cache.rb:72:in `call'
  rack (1.4.1) lib/rack/lock.rb:15:in `call'
  actionpack (3.2.3) lib/action_dispatch/middleware/static.rb:62:in `call'
  railties (3.2.3) lib/rails/engine.rb:479:in `call'
  railties (3.2.3) lib/rails/application.rb:220:in `call'
  rack (1.4.1) lib/rack/content_length.rb:14:in `call'
  railties (3.2.3) lib/rails/rack/log_tailer.rb:14:in `call'
  rack (1.4.1) lib/rack/handler/webrick.rb:59:in `service'
  /home/mike/.rvm/rubies/ruby-1.9.3-p194/lib/ruby/1.9.1/webrick/httpserver.rb:138:in `service'
  /home/mike/.rvm/rubies/ruby-1.9.3-p194/lib/ruby/1.9.1/webrick/httpserver.rb:94:in `run'
  /home/mike/.rvm/rubies/ruby-1.9.3-p194/lib/ruby/1.9.1/webrick/server.rb:191:in `block in start_thread'




Started GET "/" for 127.0.0.1 at 2012-05-23 15:05:24 -0500

ActiveRecord::ConnectionNotEstablished (ActiveRecord::ConnectionNotEstablished):
  activerecord (3.2.3) lib/active_record/connection_adapters/abstract/connection_pool.rb:398:in `retrieve_connection'
  activerecord (3.2.3) lib/active_record/connection_adapters/abstract/connection_specification.rb:168:in `retrieve_connection'
  activerecord (3.2.3) lib/active_record/connection_adapters/abstract/connection_specification.rb:142:in `connection'
  activerecord (3.2.3) lib/active_record/query_cache.rb:67:in `rescue in call'
  activerecord (3.2.3) lib/active_record/query_cache.rb:61:in `call'
  activerecord (3.2.3) lib/active_record/connection_adapters/abstract/connection_pool.rb:467:in `call'
  actionpack (3.2.3) lib/action_dispatch/middleware/callbacks.rb:28:in `block in call'
  activesupport (3.2.3) lib/active_support/callbacks.rb:405:in `_run__989344825__call__1030020850__callbacks'
  activesupport (3.2.3) lib/active_support/callbacks.rb:405:in `__run_callback'
  activesupport (3.2.3) lib/active_support/callbacks.rb:385:in `_run_call_callbacks'
  activesupport (3.2.3) lib/active_support/callbacks.rb:81:in `run_callbacks'
  actionpack (3.2.3) lib/action_dispatch/middleware/callbacks.rb:27:in `call'
  actionpack (3.2.3) lib/action_dispatch/middleware/reloader.rb:65:in `call'
  actionpack (3.2.3) lib/action_dispatch/middleware/remote_ip.rb:31:in `call'
  actionpack (3.2.3) lib/action_dispatch/middleware/debug_exceptions.rb:16:in `call'
  actionpack (3.2.3) lib/action_dispatch/middleware/show_exceptions.rb:56:in `call'
  railties (3.2.3) lib/rails/rack/logger.rb:26:in `call_app'
  railties (3.2.3) lib/rails/rack/logger.rb:16:in `call'
  actionpack (3.2.3) lib/action_dispatch/middleware/request_id.rb:22:in `call'
  rack (1.4.1) lib/rack/methodoverride.rb:21:in `call'
  rack (1.4.1) lib/rack/runtime.rb:17:in `call'
  activesupport (3.2.3) lib/active_support/cache/strategy/local_cache.rb:72:in `call'
  rack (1.4.1) lib/rack/lock.rb:15:in `call'
  actionpack (3.2.3) lib/action_dispatch/middleware/static.rb:62:in `call'
  railties (3.2.3) lib/rails/engine.rb:479:in `call'
  railties (3.2.3) lib/rails/application.rb:220:in `call'
  rack (1.4.1) lib/rack/content_length.rb:14:in `call'
  railties (3.2.3) lib/rails/rack/log_tailer.rb:14:in `call'
  rack (1.4.1) lib/rack/handler/webrick.rb:59:in `service'
  /home/mike/.rvm/rubies/ruby-1.9.3-p194/lib/ruby/1.9.1/webrick/httpserver.rb:138:in `service'
  /home/mike/.rvm/rubies/ruby-1.9.3-p194/lib/ruby/1.9.1/webrick/httpserver.rb:94:in `run'
  /home/mike/.rvm/rubies/ruby-1.9.3-p194/lib/ruby/1.9.1/webrick/server.rb:191:in `block in start_thread'




Started GET "/" for 127.0.0.1 at 2012-05-23 15:05:24 -0500

ActiveRecord::ConnectionNotEstablished (ActiveRecord::ConnectionNotEstablished):
  activerecord (3.2.3) lib/active_record/connection_adapters/abstract/connection_pool.rb:398:in `retrieve_connection'
  activerecord (3.2.3) lib/active_record/connection_adapters/abstract/connection_specification.rb:168:in `retrieve_connection'
  activerecord (3.2.3) lib/active_record/connection_adapters/abstract/connection_specification.rb:142:in `connection'
  activerecord (3.2.3) lib/active_record/query_cache.rb:67:in `rescue in call'
  activerecord (3.2.3) lib/active_record/query_cache.rb:61:in `call'
  activerecord (3.2.3) lib/active_record/connection_adapters/abstract/connection_pool.rb:467:in `call'
  actionpack (3.2.3) lib/action_dispatch/middleware/callbacks.rb:28:in `block in call'
  activesupport (3.2.3) lib/active_support/callbacks.rb:405:in `_run__989344825__call__1030020850__callbacks'
  activesupport (3.2.3) lib/active_support/callbacks.rb:405:in `__run_callback'
  activesupport (3.2.3) lib/active_support/callbacks.rb:385:in `_run_call_callbacks'
  activesupport (3.2.3) lib/active_support/callbacks.rb:81:in `run_callbacks'
  actionpack (3.2.3) lib/action_dispatch/middleware/callbacks.rb:27:in `call'
  actionpack (3.2.3) lib/action_dispatch/middleware/reloader.rb:65:in `call'
  actionpack (3.2.3) lib/action_dispatch/middleware/remote_ip.rb:31:in `call'
  actionpack (3.2.3) lib/action_dispatch/middleware/debug_exceptions.rb:16:in `call'
  actionpack (3.2.3) lib/action_dispatch/middleware/show_exceptions.rb:56:in `call'
  railties (3.2.3) lib/rails/rack/logger.rb:26:in `call_app'
  railties (3.2.3) lib/rails/rack/logger.rb:16:in `call'
  actionpack (3.2.3) lib/action_dispatch/middleware/request_id.rb:22:in `call'
  rack (1.4.1) lib/rack/methodoverride.rb:21:in `call'
  rack (1.4.1) lib/rack/runtime.rb:17:in `call'
  activesupport (3.2.3) lib/active_support/cache/strategy/local_cache.rb:72:in `call'
  rack (1.4.1) lib/rack/lock.rb:15:in `call'
  actionpack (3.2.3) lib/action_dispatch/middleware/static.rb:62:in `call'
  railties (3.2.3) lib/rails/engine.rb:479:in `call'
  railties (3.2.3) lib/rails/application.rb:220:in `call'
  rack (1.4.1) lib/rack/content_length.rb:14:in `call'
  railties (3.2.3) lib/rails/rack/log_tailer.rb:14:in `call'
  rack (1.4.1) lib/rack/handler/webrick.rb:59:in `service'
  /home/mike/.rvm/rubies/ruby-1.9.3-p194/lib/ruby/1.9.1/webrick/httpserver.rb:138:in `service'
  /home/mike/.rvm/rubies/ruby-1.9.3-p194/lib/ruby/1.9.1/webrick/httpserver.rb:94:in `run'
  /home/mike/.rvm/rubies/ruby-1.9.3-p194/lib/ruby/1.9.1/webrick/server.rb:191:in `block in start_thread'




Started GET "/" for 127.0.0.1 at 2012-05-23 15:05:24 -0500

ActiveRecord::ConnectionNotEstablished (ActiveRecord::ConnectionNotEstablished):
  activerecord (3.2.3) lib/active_record/connection_adapters/abstract/connection_pool.rb:398:in `retrieve_connection'
  activerecord (3.2.3) lib/active_record/connection_adapters/abstract/connection_specification.rb:168:in `retrieve_connection'
  activerecord (3.2.3) lib/active_record/connection_adapters/abstract/connection_specification.rb:142:in `connection'
  activerecord (3.2.3) lib/active_record/query_cache.rb:67:in `rescue in call'
  activerecord (3.2.3) lib/active_record/query_cache.rb:61:in `call'
  activerecord (3.2.3) lib/active_record/connection_adapters/abstract/connection_pool.rb:467:in `call'
  actionpack (3.2.3) lib/action_dispatch/middleware/callbacks.rb:28:in `block in call'
  activesupport (3.2.3) lib/active_support/callbacks.rb:405:in `_run__989344825__call__1030020850__callbacks'
  activesupport (3.2.3) lib/active_support/callbacks.rb:405:in `__run_callback'
  activesupport (3.2.3) lib/active_support/callbacks.rb:385:in `_run_call_callbacks'
  activesupport (3.2.3) lib/active_support/callbacks.rb:81:in `run_callbacks'
  actionpack (3.2.3) lib/action_dispatch/middleware/callbacks.rb:27:in `call'
  actionpack (3.2.3) lib/action_dispatch/middleware/reloader.rb:65:in `call'
  actionpack (3.2.3) lib/action_dispatch/middleware/remote_ip.rb:31:in `call'
  actionpack (3.2.3) lib/action_dispatch/middleware/debug_exceptions.rb:16:in `call'
  actionpack (3.2.3) lib/action_dispatch/middleware/show_exceptions.rb:56:in `call'
  railties (3.2.3) lib/rails/rack/logger.rb:26:in `call_app'
  railties (3.2.3) lib/rails/rack/logger.rb:16:in `call'
  actionpack (3.2.3) lib/action_dispatch/middleware/request_id.rb:22:in `call'
  rack (1.4.1) lib/rack/methodoverride.rb:21:in `call'
  rack (1.4.1) lib/rack/runtime.rb:17:in `call'
  activesupport (3.2.3) lib/active_support/cache/strategy/local_cache.rb:72:in `call'
  rack (1.4.1) lib/rack/lock.rb:15:in `call'
  actionpack (3.2.3) lib/action_dispatch/middleware/static.rb:62:in `call'
  railties (3.2.3) lib/rails/engine.rb:479:in `call'
  railties (3.2.3) lib/rails/application.rb:220:in `call'
  rack (1.4.1) lib/rack/content_length.rb:14:in `call'
  railties (3.2.3) lib/rails/rack/log_tailer.rb:14:in `call'
  rack (1.4.1) lib/rack/handler/webrick.rb:59:in `service'
  /home/mike/.rvm/rubies/ruby-1.9.3-p194/lib/ruby/1.9.1/webrick/httpserver.rb:138:in `service'
  /home/mike/.rvm/rubies/ruby-1.9.3-p194/lib/ruby/1.9.1/webrick/httpserver.rb:94:in `run'
  /home/mike/.rvm/rubies/ruby-1.9.3-p194/lib/ruby/1.9.1/webrick/server.rb:191:in `block in start_thread'




Started GET "/" for 127.0.0.1 at 2012-05-23 15:05:24 -0500

ActiveRecord::ConnectionNotEstablished (ActiveRecord::ConnectionNotEstablished):
  activerecord (3.2.3) lib/active_record/connection_adapters/abstract/connection_pool.rb:398:in `retrieve_connection'
  activerecord (3.2.3) lib/active_record/connection_adapters/abstract/connection_specification.rb:168:in `retrieve_connection'
  activerecord (3.2.3) lib/active_record/connection_adapters/abstract/connection_specification.rb:142:in `connection'
  activerecord (3.2.3) lib/active_record/query_cache.rb:67:in `rescue in call'
  activerecord (3.2.3) lib/active_record/query_cache.rb:61:in `call'
  activerecord (3.2.3) lib/active_record/connection_adapters/abstract/connection_pool.rb:467:in `call'
  actionpack (3.2.3) lib/action_dispatch/middleware/callbacks.rb:28:in `block in call'
  activesupport (3.2.3) lib/active_support/callbacks.rb:405:in `_run__989344825__call__1030020850__callbacks'
  activesupport (3.2.3) lib/active_support/callbacks.rb:405:in `__run_callback'
  activesupport (3.2.3) lib/active_support/callbacks.rb:385:in `_run_call_callbacks'
  activesupport (3.2.3) lib/active_support/callbacks.rb:81:in `run_callbacks'
  actionpack (3.2.3) lib/action_dispatch/middleware/callbacks.rb:27:in `call'
  actionpack (3.2.3) lib/action_dispatch/middleware/reloader.rb:65:in `call'
  actionpack (3.2.3) lib/action_dispatch/middleware/remote_ip.rb:31:in `call'
  actionpack (3.2.3) lib/action_dispatch/middleware/debug_exceptions.rb:16:in `call'
  actionpack (3.2.3) lib/action_dispatch/middleware/show_exceptions.rb:56:in `call'
  railties (3.2.3) lib/rails/rack/logger.rb:26:in `call_app'
  railties (3.2.3) lib/rails/rack/logger.rb:16:in `call'
  actionpack (3.2.3) lib/action_dispatch/middleware/request_id.rb:22:in `call'
  rack (1.4.1) lib/rack/methodoverride.rb:21:in `call'
  rack (1.4.1) lib/rack/runtime.rb:17:in `call'
  activesupport (3.2.3) lib/active_support/cache/strategy/local_cache.rb:72:in `call'
  rack (1.4.1) lib/rack/lock.rb:15:in `call'
  actionpack (3.2.3) lib/action_dispatch/middleware/static.rb:62:in `call'
  railties (3.2.3) lib/rails/engine.rb:479:in `call'
  railties (3.2.3) lib/rails/application.rb:220:in `call'
  rack (1.4.1) lib/rack/content_length.rb:14:in `call'
  railties (3.2.3) lib/rails/rack/log_tailer.rb:14:in `call'
  rack (1.4.1) lib/rack/handler/webrick.rb:59:in `service'
  /home/mike/.rvm/rubies/ruby-1.9.3-p194/lib/ruby/1.9.1/webrick/httpserver.rb:138:in `service'
  /home/mike/.rvm/rubies/ruby-1.9.3-p194/lib/ruby/1.9.1/webrick/httpserver.rb:94:in `run'
  /home/mike/.rvm/rubies/ruby-1.9.3-p194/lib/ruby/1.9.1/webrick/server.rb:191:in `block in start_thread'




Started GET "/" for 127.0.0.1 at 2012-05-23 15:05:24 -0500

ActiveRecord::ConnectionNotEstablished (ActiveRecord::ConnectionNotEstablished):
  activerecord (3.2.3) lib/active_record/connection_adapters/abstract/connection_pool.rb:398:in `retrieve_connection'
  activerecord (3.2.3) lib/active_record/connection_adapters/abstract/connection_specification.rb:168:in `retrieve_connection'
  activerecord (3.2.3) lib/active_record/connection_adapters/abstract/connection_specification.rb:142:in `connection'
  activerecord (3.2.3) lib/active_record/query_cache.rb:67:in `rescue in call'
  activerecord (3.2.3) lib/active_record/query_cache.rb:61:in `call'
  activerecord (3.2.3) lib/active_record/connection_adapters/abstract/connection_pool.rb:467:in `call'
  actionpack (3.2.3) lib/action_dispatch/middleware/callbacks.rb:28:in `block in call'
  activesupport (3.2.3) lib/active_support/callbacks.rb:405:in `_run__989344825__call__1030020850__callbacks'
  activesupport (3.2.3) lib/active_support/callbacks.rb:405:in `__run_callback'
  activesupport (3.2.3) lib/active_support/callbacks.rb:385:in `_run_call_callbacks'
  activesupport (3.2.3) lib/active_support/callbacks.rb:81:in `run_callbacks'
  actionpack (3.2.3) lib/action_dispatch/middleware/callbacks.rb:27:in `call'
  actionpack (3.2.3) lib/action_dispatch/middleware/reloader.rb:65:in `call'
  actionpack (3.2.3) lib/action_dispatch/middleware/remote_ip.rb:31:in `call'
  actionpack (3.2.3) lib/action_dispatch/middleware/debug_exceptions.rb:16:in `call'
  actionpack (3.2.3) lib/action_dispatch/middleware/show_exceptions.rb:56:in `call'
  railties (3.2.3) lib/rails/rack/logger.rb:26:in `call_app'
  railties (3.2.3) lib/rails/rack/logger.rb:16:in `call'
  actionpack (3.2.3) lib/action_dispatch/middleware/request_id.rb:22:in `call'
  rack (1.4.1) lib/rack/methodoverride.rb:21:in `call'
  rack (1.4.1) lib/rack/runtime.rb:17:in `call'
  activesupport (3.2.3) lib/active_support/cache/strategy/local_cache.rb:72:in `call'
  rack (1.4.1) lib/rack/lock.rb:15:in `call'
  actionpack (3.2.3) lib/action_dispatch/middleware/static.rb:62:in `call'
  railties (3.2.3) lib/rails/engine.rb:479:in `call'
  railties (3.2.3) lib/rails/application.rb:220:in `call'
  rack (1.4.1) lib/rack/content_length.rb:14:in `call'
  railties (3.2.3) lib/rails/rack/log_tailer.rb:14:in `call'
  rack (1.4.1) lib/rack/handler/webrick.rb:59:in `service'
  /home/mike/.rvm/rubies/ruby-1.9.3-p194/lib/ruby/1.9.1/webrick/httpserver.rb:138:in `service'
  /home/mike/.rvm/rubies/ruby-1.9.3-p194/lib/ruby/1.9.1/webrick/httpserver.rb:94:in `run'
  /home/mike/.rvm/rubies/ruby-1.9.3-p194/lib/ruby/1.9.1/webrick/server.rb:191:in `block in start_thread'


